<?xml version="1.0" encoding="UTF-8"?>
<!-- Generated by org.testng.reporters.JUnitReportReporter -->
<testsuite hostname="MR-ROBOT" failures="0" tests="1" name="HomePage_Module.ActitimeHomePageTest" time="7.161" errors="0" timestamp="2023-10-13T02:19:42 IST" skipped="0">
  <testcase classname="HomePage_Module.ActitimeHomePageTest" name="demoTest" time="7.161"/>
</testsuite> <!-- HomePage_Module.ActitimeHomePageTest -->
